2025-12-26 15:04:28,099 - INFO - Creating forces...
2025-12-26 15:04:28,100 - INFO - Created air_support unit 1 at (73.75607138317368, 335.1358604435818)
2025-12-26 15:04:28,103 - INFO - Created artillery unit 2 at (154.0107926836883, 580.4582209387737)
2025-12-26 15:04:28,103 - INFO - Created artillery unit 3 at (128.0533309519933, 115.85593659945906)
2025-12-26 15:04:28,104 - INFO - Created recon unit 4 at (180.63017588720786, 100.02774367674694)
2025-12-26 15:04:28,104 - INFO - Created infantry unit 5 at (85.32887921545137, 535.1655084235183)
2025-12-26 15:04:28,104 - INFO - Created infantry unit 6 at (169.08455761846614, 103.75085452207273)
2025-12-26 15:04:28,105 - INFO - Created artillery unit 7 at (67.47233799250812, 183.5645836547979)
2025-12-26 15:04:28,106 - INFO - Created armor unit 8 at (123.67281727298432, 117.1299356673289)
2025-12-26 15:04:28,106 - INFO - Created recon unit 9 at (66.35822613875729, 220.56374672564476)
2025-12-26 15:04:28,107 - INFO - Created recon unit 10 at (123.78475626601622, 288.78612317380725)
2025-12-26 15:04:28,107 - INFO - Created infantry unit 11 at (600.8354660948257, 67.55009370750484)
2025-12-26 15:04:28,108 - INFO - Created armor unit 12 at (773.2971895092844, 590.975884571832)
2025-12-26 15:04:28,226 - INFO - Created air_support unit 13 at (768.3431763674366, 111.76855792077531)
2025-12-26 15:04:28,323 - INFO - Created recon unit 14 at (666.9907318382843, 237.3553351654583)
2025-12-26 15:04:28,324 - INFO - Created air_support unit 15 at (727.9056880241681, 104.31954662970273)
2025-12-26 15:04:28,325 - INFO - Created armor unit 16 at (667.8849518066775, 29.782517708434785)
2025-12-26 15:04:28,327 - INFO - Created air_support unit 17 at (673.9452312482546, 205.02360279030677)
2025-12-26 15:04:28,328 - INFO - Created armor unit 18 at (666.0009688244833, 289.79472748482453)
2025-12-26 15:04:28,330 - INFO - Created recon unit 19 at (703.8890984756645, 522.1232094767656)
2025-12-26 15:04:28,331 - INFO - Created artillery unit 20 at (799.4426559078416, 495.1066842820843)
2025-12-26 15:04:28,331 - INFO - Starting simulation...
2025-12-26 15:04:28,332 - INFO - Step 1
2025-12-26 15:04:28,334 - INFO - Step 2
2025-12-26 15:04:28,335 - INFO - Step 3
2025-12-26 15:04:28,336 - INFO - Step 4
2025-12-26 15:04:28,337 - INFO - Step 5
2025-12-26 15:04:28,338 - INFO - Step 6
2025-12-26 15:04:28,339 - INFO - Step 7
2025-12-26 15:04:28,339 - INFO - Step 8
2025-12-26 15:04:28,340 - INFO - Step 9
2025-12-26 15:04:28,340 - INFO - Step 10
2025-12-26 15:04:28,341 - INFO - Step 11
2025-12-26 15:04:28,342 - INFO - Step 12
2025-12-26 15:04:28,343 - INFO - Step 13
2025-12-26 15:04:28,344 - INFO - Step 14
2025-12-26 15:04:28,348 - INFO - Step 15
2025-12-26 15:04:28,349 - INFO - Step 16
2025-12-26 15:04:28,353 - INFO - Step 17
2025-12-26 15:04:28,443 - INFO - Step 18
2025-12-26 15:04:28,448 - INFO - Step 19
2025-12-26 15:04:28,449 - INFO - Step 20
2025-12-26 15:04:28,450 - INFO - Step 21
2025-12-26 15:04:28,451 - INFO - Step 22
2025-12-26 15:04:28,452 - INFO - Step 23
2025-12-26 15:04:28,454 - INFO - Step 24
2025-12-26 15:04:28,455 - INFO - Step 25
2025-12-26 15:04:28,455 - INFO - Step 26
2025-12-26 15:04:28,456 - INFO - Step 27
2025-12-26 15:04:28,457 - INFO - Step 28
2025-12-26 15:04:28,458 - INFO - Step 29
2025-12-26 15:04:28,458 - INFO - Step 30
2025-12-26 15:04:28,459 - INFO - Step 31
2025-12-26 15:04:28,461 - INFO - Step 32
2025-12-26 15:04:28,464 - INFO - Step 33
2025-12-26 15:04:28,465 - INFO - Step 34
2025-12-26 15:04:28,468 - INFO - Step 35
2025-12-26 15:04:28,469 - INFO - Step 36
2025-12-26 15:04:28,470 - INFO - Step 37
2025-12-26 15:04:28,471 - INFO - Step 38
2025-12-26 15:04:28,564 - INFO - Step 39
2025-12-26 15:04:28,566 - INFO - Step 40
2025-12-26 15:04:28,568 - INFO - Step 41
2025-12-26 15:04:28,569 - INFO - Step 42
2025-12-26 15:04:28,572 - INFO - Step 43
2025-12-26 15:04:28,574 - INFO - Step 44
2025-12-26 15:04:28,575 - INFO - Step 45
2025-12-26 15:04:28,576 - INFO - Step 46
2025-12-26 15:04:28,582 - INFO - Step 47
2025-12-26 15:04:28,588 - INFO - Step 48
2025-12-26 15:04:28,589 - INFO - Step 49
2025-12-26 15:04:28,590 - INFO - Step 50
2025-12-26 15:04:28,591 - INFO - === Summary ===
2025-12-26 15:04:28,773 - INFO - Engagements: 160
2025-12-26 15:04:28,782 - INFO - Units destroyed: 13
2025-12-26 15:04:28,788 - INFO - Final units: 7
2025-12-26 15:04:28,789 - INFO - Total engagements: 160
